<?xml version="1.0" encoding="UTF-8"?>
<!-- Generated by org.testng.reporters.JUnitReportReporter -->
<testsuite hostname="DESKTOP-90RRNRM" failures="0" tests="1" name="testngpack.CheckReports" time="0.011" errors="0" timestamp="2022-11-14T11:03:44 IST" skipped="0">
  <testcase classname="testngpack.CheckReports" name="checkReport" time="0.011"/>
  <system-out/>
</testsuite> <!-- testngpack.CheckReports -->
