<?xml version="1.0" encoding="UTF-8"?>
<!-- Generated by org.testng.reporters.JUnitReportReporter -->
<testsuite hostname="DESKTOP-90RRNRM" failures="0" tests="1" name="tesngflag.Flag1" time="0.010" errors="0" timestamp="2022-11-15T11:44:52 IST" skipped="0">
  <testcase classname="tesngflag.Flag1" name="loginToActiTime" time="0.010"/>
  <system-out>
    <![CDATA[logging in........]]>
  </system-out>
</testsuite> <!-- tesngflag.Flag1 -->
