<?xml version="1.0" encoding="UTF-8"?>
<!-- Generated by org.testng.reporters.JUnitReportReporter -->
<testsuite hostname="DESKTOP-90RRNRM" failures="0" tests="2" name="tesngflag.Flag4" time="0.011" errors="0" timestamp="2022-11-15T12:53:24 IST" skipped="1">
  <testcase classname="tesngflag.Flag4" name="login" time="0.011"/>
  <system-out>
    <![CDATA[logging in...]]>
  </system-out>
  <testcase classname="tesngflag.Flag4" name="createUser">
    <skipped/>
  </testcase> <!-- createUser -->
  <system-out/>
</testsuite> <!-- tesngflag.Flag4 -->
