<?xml version="1.0" encoding="UTF-8"?>
<!-- Generated by org.testng.reporters.JUnitReportReporter -->
<testsuite hostname="DESKTOP-90RRNRM" failures="0" tests="3" name="tesngflag.Flag6" time="0.021" errors="0" timestamp="2022-11-15T13:01:44 IST" skipped="0">
  <testcase classname="tesngflag.Flag6" name="createUser" time="0.002"/>
  <system-out>
    <![CDATA[creating user...]]>
  </system-out>
  <testcase classname="tesngflag.Flag6" name="loginMethod" time="0.017"/>
  <system-out>
    <![CDATA[logging in....]]>
  </system-out>
  <testcase classname="tesngflag.Flag6" name="logoutmethod" time="0.002"/>
  <system-out>
    <![CDATA[logging out....]]>
  </system-out>
</testsuite> <!-- tesngflag.Flag6 -->
