<?xml version="1.0" encoding="UTF-8"?>
<!-- Generated by org.testng.reporters.JUnitReportReporter -->
<testsuite hostname="DESKTOP-90RRNRM" failures="0" tests="1" name="testngpack.CheckReport2" time="0.012" errors="0" timestamp="2022-11-14T11:03:05 IST" skipped="0">
  <testcase classname="testngpack.CheckReport2" name="ckeckReport" time="0.012"/>
  <system-out>
    <![CDATA[suraj]]>
  </system-out>
</testsuite> <!-- testngpack.CheckReport2 -->
