<?xml version="1.0" encoding="UTF-8"?>
<!-- Generated by org.testng.reporters.JUnitReportReporter -->
<testsuite hostname="DESKTOP-90RRNRM" failures="0" tests="7" name="tesngflag.TestngFlagAssignment" time="0.022" errors="0" timestamp="2022-11-15T12:33:50 IST" skipped="0">
  <testcase classname="tesngflag.TestngFlagAssignment" name="y" time="0.001"/>
  <system-out>
    <![CDATA[y method]]>
  </system-out>
  <testcase classname="tesngflag.TestngFlagAssignment" name="x" time="0.001"/>
  <system-out>
    <![CDATA[x method]]>
  </system-out>
  <testcase classname="tesngflag.TestngFlagAssignment" name="a" time="0.014"/>
  <system-out>
    <![CDATA[a method]]>
  </system-out>
  <testcase classname="tesngflag.TestngFlagAssignment" name="w" time="0.003"/>
  <system-out>
    <![CDATA[w method]]>
  </system-out>
  <testcase classname="tesngflag.TestngFlagAssignment" name="z" time="0.001"/>
  <system-out>
    <![CDATA[z method]]>
  </system-out>
  <testcase classname="tesngflag.TestngFlagAssignment" name="b" time="0.001"/>
  <system-out>
    <![CDATA[b method]]>
  </system-out>
  <testcase classname="tesngflag.TestngFlagAssignment" name="c" time="0.001"/>
  <system-out>
    <![CDATA[c method]]>
  </system-out>
</testsuite> <!-- tesngflag.TestngFlagAssignment -->
