<?xml version="1.0" encoding="UTF-8"?>
<!-- Generated by org.testng.reporters.JUnitReportReporter -->
<testsuite hostname="DESKTOP-90RRNRM" failures="0" tests="7" name="tesngflag.Flag2" time="0.033" errors="0" timestamp="2022-11-15T12:16:42 IST" skipped="0">
  <testcase classname="tesngflag.Flag2" name="c" time="0.002"/>
  <system-out>
    <![CDATA[c method]]>
  </system-out>
  <testcase classname="tesngflag.Flag2" name="x" time="0.003"/>
  <system-out>
    <![CDATA[x method]]>
  </system-out>
  <testcase classname="tesngflag.Flag2" name="z" time="0.003"/>
  <system-out>
    <![CDATA[z method]]>
  </system-out>
  <testcase classname="tesngflag.Flag2" name="b" time="0.005"/>
  <system-out>
    <![CDATA[b method]]>
  </system-out>
  <testcase classname="tesngflag.Flag2" name="a" time="0.015"/>
  <system-out>
    <![CDATA[a method]]>
  </system-out>
  <testcase classname="tesngflag.Flag2" name="w" time="0.004"/>
  <system-out>
    <![CDATA[w method]]>
  </system-out>
  <testcase classname="tesngflag.Flag2" name="y" time="0.001"/>
  <system-out>
    <![CDATA[y method]]>
  </system-out>
</testsuite> <!-- tesngflag.Flag2 -->
