<?xml version="1.0" encoding="UTF-8"?>
<!-- Generated by org.testng.reporters.JUnitReportReporter -->
<testsuite hostname="DESKTOP-90RRNRM" failures="0" tests="1" name="testngpack.CheckReportss3" time="0.014" errors="0" timestamp="2022-11-14T11:05:34 IST" skipped="0">
  <testcase classname="testngpack.CheckReportss3" name="checkReport" time="0.014"/>
  <system-out>
    <![CDATA[suraj]]>
  </system-out>
</testsuite> <!-- testngpack.CheckReportss3 -->
