<?xml version="1.0" encoding="UTF-8"?>
<!-- Generated by org.testng.reporters.JUnitReportReporter -->
<testsuite hostname="DESKTOP-90RRNRM" failures="0" tests="1" name="testngpack.ThirdClass" time="0.013" errors="0" timestamp="2022-11-14T10:41:06 IST" skipped="0">
  <testcase classname="testngpack.ThirdClass" name="sumo" time="0.013"/>
  <system-out/>
</testsuite> <!-- testngpack.ThirdClass -->
