<?xml version="1.0" encoding="UTF-8"?>
<!-- Generated by org.testng.reporters.JUnitReportReporter -->
<testsuite hostname="DESKTOP-90RRNRM" failures="0" tests="6" name="tesngflag.Flag5" time="0.022" errors="0" timestamp="2022-11-15T12:56:56 IST" skipped="0">
  <testcase classname="tesngflag.Flag5" name="verifyloginButtonEnableDisableStatus" time="0.010"/>
  <system-out>
    <![CDATA[disabled !!]]>
  </system-out>
  <testcase classname="tesngflag.Flag5" name="verifyloginButtonEnableDisableStatus" time="0.003"/>
  <system-out>
    <![CDATA[disabled !!]]>
  </system-out>
  <testcase classname="tesngflag.Flag5" name="verifyloginButtonEnableDisableStatus" time="0.003"/>
  <system-out>
    <![CDATA[disabled !!]]>
  </system-out>
  <testcase classname="tesngflag.Flag5" name="verifyloginButtonEnableDisableStatus" time="0.002"/>
  <system-out>
    <![CDATA[disabled !!]]>
  </system-out>
  <testcase classname="tesngflag.Flag5" name="verifyloginButtonEnableDisableStatus" time="0.002"/>
  <system-out>
    <![CDATA[disabled !!]]>
  </system-out>
  <testcase classname="tesngflag.Flag5" name="verifyloginButtonEnableDisableStatus" time="0.002"/>
  <system-out>
    <![CDATA[disabled !!]]>
  </system-out>
</testsuite> <!-- tesngflag.Flag5 -->
